app/build/outputs/apk/manifest-merger-debug-report.txt
-- Merging decision tree log ---
manifest
ADDED from AndroidManifest.xml:1:1
	xmlns:android
		ADDED from AndroidManifest.xml:1:11
	package
		ADDED from AndroidManifest.xml:2:9
		INJECTED from AndroidManifest.xml:0:0
		INJECTED from AndroidManifest.xml:0:0
	android:versionName
		ADDED from AndroidManifest.xml:3:35
	android:versionCode
		ADDED from AndroidManifest.xml:3:9
		INJECTED from AndroidManifest.xml:0:0
		INJECTED from AndroidManifest.xml:0:0
original-package
ADDED from AndroidManifest.xml:5:5
	android:name
		ADDED from AndroidManifest.xml:5:23
uses-permission#android.permission.RECEIVE_BOOT_COMPLETED
ADDED from AndroidManifest.xml:8:5
	android:name
		ADDED from AndroidManifest.xml:8:22
uses-permission#android.permission.WAKE_LOCK
ADDED from AndroidManifest.xml:9:5
	android:name
		ADDED from AndroidManifest.xml:9:22
uses-permission#android.permission.VIBRATE
ADDED from AndroidManifest.xml:10:5
	android:name
		ADDED from AndroidManifest.xml:10:22
uses-permission#android.permission.WRITE_SETTINGS
ADDED from AndroidManifest.xml:11:5
	android:name
		ADDED from AndroidManifest.xml:11:22
uses-permission#android.permission.DISABLE_KEYGUARD
ADDED from AndroidManifest.xml:12:5
	android:name
		ADDED from AndroidManifest.xml:12:22
uses-permission#android.permission.READ_PHONE_STATE
ADDED from AndroidManifest.xml:13:5
	android:name
		ADDED from AndroidManifest.xml:13:22
uses-permission#android.permission.DEVICE_POWER
ADDED from AndroidManifest.xml:14:5
	android:name
		ADDED from AndroidManifest.xml:14:22
uses-permission#android.permission.READ_EXTERNAL_STORAGE
ADDED from AndroidManifest.xml:15:5
	android:name
		ADDED from AndroidManifest.xml:15:22
application
ADDED from AndroidManifest.xml:17:5
MERGED from com.android.support:support-v13:21.0.2:16:5
MERGED from com.android.support:support-v4:21.0.2:16:5
MERGED from com.google.android.gms:play-services:6.1.71:16:5
MERGED from com.android.support:support-v4:21.0.2:16:5
MERGED from com.android.support:palette-v7:21.0.2:16:5
MERGED from com.android.support:support-v4:21.0.2:16:5
MERGED from com.android.support:appcompat-v7:21.0.2:16:5
MERGED from com.android.support:support-v4:21.0.2:16:5
	android:supportsRtl
		ADDED from AndroidManifest.xml:20:18
	android:label
		ADDED from AndroidManifest.xml:17:18
	android:icon
		ADDED from AndroidManifest.xml:18:18
	android:requiredForAllUsers
		ADDED from AndroidManifest.xml:19:18
provider#com.android.deskclock.provider.ClockProvider
ADDED from AndroidManifest.xml:22:9
	android:exported
		ADDED from AndroidManifest.xml:24:17
	android:authorities
		ADDED from AndroidManifest.xml:23:17
	android:name
		ADDED from AndroidManifest.xml:22:19
activity#com.android.deskclock.DeskClock
ADDED from AndroidManifest.xml:26:9
	android:label
		ADDED from AndroidManifest.xml:27:17
	android:icon
		ADDED from AndroidManifest.xml:29:17
	android:theme
		ADDED from AndroidManifest.xml:28:17
	android:name
		ADDED from AndroidManifest.xml:26:19
	android:launchMode
		ADDED from AndroidManifest.xml:30:17
intent-filter#android.intent.action.MAIN+android.intent.category.DEFAULT+android.intent.category.LAUNCHER
ADDED from AndroidManifest.xml:33:13
action#android.intent.action.MAIN
ADDED from AndroidManifest.xml:34:17
	android:name
		ADDED from AndroidManifest.xml:34:25
category#android.intent.category.DEFAULT
ADDED from AndroidManifest.xml:35:17
	android:name
		ADDED from AndroidManifest.xml:35:27
category#android.intent.category.LAUNCHER
ADDED from AndroidManifest.xml:36:17
	android:name
		ADDED from AndroidManifest.xml:36:27
activity-alias#com.android.deskclock.DockClock
ADDED from AndroidManifest.xml:40:9
	android:label
		ADDED from AndroidManifest.xml:42:17
	android:icon
		ADDED from AndroidManifest.xml:44:17
	android:theme
		ADDED from AndroidManifest.xml:43:17
	android:enabled
		ADDED from AndroidManifest.xml:46:17
	android:targetActivity
		ADDED from AndroidManifest.xml:41:17
	android:name
		ADDED from AndroidManifest.xml:40:25
	android:launchMode
		ADDED from AndroidManifest.xml:45:17
intent-filter#android.intent.action.MAIN+android.intent.category.DEFAULT+android.intent.category.DESK_DOCK
ADDED from AndroidManifest.xml:48:13
category#android.intent.category.DESK_DOCK
ADDED from AndroidManifest.xml:51:17
	android:name
		ADDED from AndroidManifest.xml:51:27
activity#com.android.deskclock.SettingsActivity
ADDED from AndroidManifest.xml:55:9
	android:label
		ADDED from AndroidManifest.xml:56:17
	android:theme
		ADDED from AndroidManifest.xml:57:17
	android:excludeFromRecents
		ADDED from AndroidManifest.xml:59:17
	android:taskAffinity
		ADDED from AndroidManifest.xml:58:17
	android:name
		ADDED from AndroidManifest.xml:55:19
intent-filter#android.intent.action.MAIN
ADDED from AndroidManifest.xml:61:13
activity#com.android.deskclock.worldclock.CitiesActivity
ADDED from AndroidManifest.xml:66:9
	android:label
		ADDED from AndroidManifest.xml:67:17
	android:theme
		ADDED from AndroidManifest.xml:68:17
	android:excludeFromRecents
		ADDED from AndroidManifest.xml:70:17
	android:taskAffinity
		ADDED from AndroidManifest.xml:69:17
	android:name
		ADDED from AndroidManifest.xml:66:19
activity#com.android.deskclock.alarms.AlarmActivity
ADDED from AndroidManifest.xml:77:9
	android:windowSoftInputMode
		ADDED from AndroidManifest.xml:81:17
	android:configChanges
		ADDED from AndroidManifest.xml:83:17
	android:theme
		ADDED from AndroidManifest.xml:80:17
	android:showOnLockScreen
		ADDED from AndroidManifest.xml:82:17
	android:excludeFromRecents
		ADDED from AndroidManifest.xml:79:17
	android:taskAffinity
		ADDED from AndroidManifest.xml:78:17
	android:name
		ADDED from AndroidManifest.xml:77:19
activity#com.android.deskclock.ScreensaverActivity
ADDED from AndroidManifest.xml:85:9
	android:configChanges
		ADDED from AndroidManifest.xml:89:17
	android:theme
		ADDED from AndroidManifest.xml:88:17
	android:excludeFromRecents
		ADDED from AndroidManifest.xml:86:17
	android:taskAffinity
		ADDED from AndroidManifest.xml:87:17
	android:name
		ADDED from AndroidManifest.xml:85:19
receiver#com.android.deskclock.alarms.AlarmStateManager
ADDED from AndroidManifest.xml:91:9
	android:exported
		ADDED from AndroidManifest.xml:92:19
	android:name
		ADDED from AndroidManifest.xml:91:19
service#com.android.deskclock.alarms.AlarmService
ADDED from AndroidManifest.xml:95:9
	android:exported
		ADDED from AndroidManifest.xml:96:18
	android:name
		ADDED from AndroidManifest.xml:95:18
activity#com.android.deskclock.HandleApiCalls
ADDED from AndroidManifest.xml:99:9
	android:theme
		ADDED from AndroidManifest.xml:100:17
	android:permission
		ADDED from AndroidManifest.xml:102:17
	android:excludeFromRecents
		ADDED from AndroidManifest.xml:101:17
	android:name
		ADDED from AndroidManifest.xml:99:19
intent-filter#android.intent.action.SET_ALARM+android.intent.category.DEFAULT
ADDED from AndroidManifest.xml:103:13
action#android.intent.action.SET_ALARM
ADDED from AndroidManifest.xml:104:17
	android:name
		ADDED from AndroidManifest.xml:104:25
intent-filter#android.intent.action.SHOW_ALARMS+android.intent.category.DEFAULT
ADDED from AndroidManifest.xml:107:13
action#android.intent.action.SHOW_ALARMS
ADDED from AndroidManifest.xml:108:17
	android:name
		ADDED from AndroidManifest.xml:108:25
intent-filter#android.intent.action.SET_TIMER+android.intent.category.DEFAULT
ADDED from AndroidManifest.xml:111:13
action#android.intent.action.SET_TIMER
ADDED from AndroidManifest.xml:112:17
	android:name
		ADDED from AndroidManifest.xml:112:25
activity-alias#com.android.deskclock.HandleSetAlarm
ADDED from AndroidManifest.xml:117:9
	android:exported
		ADDED from AndroidManifest.xml:119:13
	android:targetActivity
		ADDED from AndroidManifest.xml:118:13
	android:name
		ADDED from AndroidManifest.xml:117:25
receiver#com.android.deskclock.AlarmInitReceiver
ADDED from AndroidManifest.xml:123:9
	android:name
		ADDED from AndroidManifest.xml:123:19
intent-filter#android.intent.action.BOOT_COMPLETED+android.intent.action.LOCALE_CHANGED+android.intent.action.TIMEZONE_CHANGED+android.intent.action.TIME_SET
ADDED from AndroidManifest.xml:124:13
action#android.intent.action.BOOT_COMPLETED
ADDED from AndroidManifest.xml:125:17
	android:name
		ADDED from AndroidManifest.xml:125:25
action#android.intent.action.TIME_SET
ADDED from AndroidManifest.xml:126:17
	android:name
		ADDED from AndroidManifest.xml:126:25
action#android.intent.action.TIMEZONE_CHANGED
ADDED from AndroidManifest.xml:127:17
	android:name
		ADDED from AndroidManifest.xml:127:25
action#android.intent.action.LOCALE_CHANGED
ADDED from AndroidManifest.xml:128:17
	android:name
		ADDED from AndroidManifest.xml:128:25
receiver#com.android.alarmclock.AnalogAppWidgetProvider
ADDED from AndroidManifest.xml:132:9
	android:label
		ADDED from AndroidManifest.xml:132:81
	android:icon
		ADDED from AndroidManifest.xml:133:12
	android:name
		ADDED from AndroidManifest.xml:132:19
intent-filter#android.appwidget.action.APPWIDGET_UPDATE
ADDED from AndroidManifest.xml:134:13
action#android.appwidget.action.APPWIDGET_UPDATE
ADDED from AndroidManifest.xml:135:17
	android:name
		ADDED from AndroidManifest.xml:135:25
meta-data#android.appwidget.oldName
ADDED from AndroidManifest.xml:137:13
	android:name
		ADDED from AndroidManifest.xml:137:24
	android:value
		ADDED from AndroidManifest.xml:137:65
meta-data#android.appwidget.provider
ADDED from AndroidManifest.xml:138:13
	android:resource
		ADDED from AndroidManifest.xml:138:66
	android:name
		ADDED from AndroidManifest.xml:138:24
receiver#com.android.alarmclock.DigitalAppWidgetProvider
ADDED from AndroidManifest.xml:141:9
	android:label
		ADDED from AndroidManifest.xml:141:82
	android:icon
		ADDED from AndroidManifest.xml:142:12
	android:name
		ADDED from AndroidManifest.xml:141:19
intent-filter#android.app.action.NEXT_ALARM_CLOCK_CHANGED+android.appwidget.action.APPWIDGET_UPDATE+android.intent.action.ALARM_CHANGED+android.intent.action.DATE_CHANGED+android.intent.action.LOCALE_CHANGED+android.intent.action.SCREEN_ON+android.intent.action.TIMEZONE_CHANGED+android.intent.action.TIME_SET+com.android.deskclock.ON_QUARTER_HOUR+com.android.deskclock.worldclock.update
ADDED from AndroidManifest.xml:143:13
action#com.android.deskclock.ON_QUARTER_HOUR
ADDED from AndroidManifest.xml:145:17
	android:name
		ADDED from AndroidManifest.xml:145:25
action#android.intent.action.DATE_CHANGED
ADDED from AndroidManifest.xml:146:17
	android:name
		ADDED from AndroidManifest.xml:146:25
action#android.intent.action.SCREEN_ON
ADDED from AndroidManifest.xml:148:17
	android:name
		ADDED from AndroidManifest.xml:148:25
action#android.intent.action.ALARM_CHANGED
ADDED from AndroidManifest.xml:151:17
	android:name
		ADDED from AndroidManifest.xml:151:25
action#android.app.action.NEXT_ALARM_CLOCK_CHANGED
ADDED from AndroidManifest.xml:152:17
	android:name
		ADDED from AndroidManifest.xml:152:25
action#com.android.deskclock.worldclock.update
ADDED from AndroidManifest.xml:153:17
	android:name
		ADDED from AndroidManifest.xml:153:25
service#com.android.alarmclock.DigitalAppWidgetService
ADDED from AndroidManifest.xml:158:9
	android:exported
		ADDED from AndroidManifest.xml:160:14
	android:permission
		ADDED from AndroidManifest.xml:159:14
	android:name
		ADDED from AndroidManifest.xml:158:18
receiver#com.android.alarmclock.DigitalWidgetViewsFactory
ADDED from AndroidManifest.xml:162:9
	android:exported
		ADDED from AndroidManifest.xml:163:14
	android:name
		ADDED from AndroidManifest.xml:162:19
service#com.android.deskclock.Screensaver
ADDED from AndroidManifest.xml:166:9
	android:label
		ADDED from AndroidManifest.xml:168:13
	android:exported
		ADDED from AndroidManifest.xml:167:13
	android:permission
		ADDED from AndroidManifest.xml:169:13
	android:name
		ADDED from AndroidManifest.xml:166:18
intent-filter#android.app.action.NEXT_ALARM_CLOCK_CHANGED+android.intent.category.DEFAULT+android.service.dreams.DreamService
ADDED from AndroidManifest.xml:170:13
action#android.service.dreams.DreamService
ADDED from AndroidManifest.xml:171:17
	android:name
		ADDED from AndroidManifest.xml:171:25
meta-data#android.service.dream
ADDED from AndroidManifest.xml:175:13
	android:resource
		ADDED from AndroidManifest.xml:177:17
	android:name
		ADDED from AndroidManifest.xml:176:17
activity#com.android.deskclock.ScreensaverSettingsActivity
ADDED from AndroidManifest.xml:181:9
	android:label
		ADDED from AndroidManifest.xml:182:17
	android:theme
		ADDED from AndroidManifest.xml:183:17
	android:exported
		ADDED from AndroidManifest.xml:186:17
	android:excludeFromRecents
		ADDED from AndroidManifest.xml:185:17
	android:taskAffinity
		ADDED from AndroidManifest.xml:184:17
	android:name
		ADDED from AndroidManifest.xml:181:19
activity#com.android.deskclock.timer.TimerAlertFullScreen
ADDED from AndroidManifest.xml:196:9
	android:configChanges
		ADDED from AndroidManifest.xml:202:17
	android:theme
		ADDED from AndroidManifest.xml:198:17
	android:showOnLockScreen
		ADDED from AndroidManifest.xml:200:17
	android:excludeFromRecents
		ADDED from AndroidManifest.xml:197:17
	android:taskAffinity
		ADDED from AndroidManifest.xml:201:17
	android:name
		ADDED from AndroidManifest.xml:196:19
	android:launchMode
		ADDED from AndroidManifest.xml:199:17
service#com.android.deskclock.TimerRingService
ADDED from AndroidManifest.xml:204:9
	android:exported
		ADDED from AndroidManifest.xml:205:17
	android:description
		ADDED from AndroidManifest.xml:206:17
	android:name
		ADDED from AndroidManifest.xml:204:18
intent-filter#com.android.deskclock.TIMER_ALERT
ADDED from AndroidManifest.xml:207:13
action#com.android.deskclock.TIMER_ALERT
ADDED from AndroidManifest.xml:208:17
	android:name
		ADDED from AndroidManifest.xml:208:25
receiver#com.android.deskclock.timer.TimerReceiver
ADDED from AndroidManifest.xml:212:9
	android:exported
		ADDED from AndroidManifest.xml:213:17
	android:name
		ADDED from AndroidManifest.xml:212:19
intent-filter#delete_timer+notif_in_use_cancel+notif_in_use_show+notif_times_up_cancel+notif_times_up_plus_one+notif_times_up_show+notif_times_up_stop+start_timer+timer_done+timer_reset+timer_stop+timer_update+times_up
ADDED from AndroidManifest.xml:214:13
action#start_timer
ADDED from AndroidManifest.xml:215:17
	android:name
		ADDED from AndroidManifest.xml:215:25
action#delete_timer
ADDED from AndroidManifest.xml:216:17
	android:name
		ADDED from AndroidManifest.xml:216:25
action#times_up
ADDED from AndroidManifest.xml:217:17
	android:name
		ADDED from AndroidManifest.xml:217:25
action#timer_stop
ADDED from AndroidManifest.xml:218:17
	android:name
		ADDED from AndroidManifest.xml:218:25
action#timer_reset
ADDED from AndroidManifest.xml:219:17
	android:name
		ADDED from AndroidManifest.xml:219:25
action#timer_done
ADDED from AndroidManifest.xml:220:17
	android:name
		ADDED from AndroidManifest.xml:220:25
action#timer_update
ADDED from AndroidManifest.xml:221:17
	android:name
		ADDED from AndroidManifest.xml:221:25
action#notif_in_use_show
ADDED from AndroidManifest.xml:222:17
	android:name
		ADDED from AndroidManifest.xml:222:25
action#notif_in_use_cancel
ADDED from AndroidManifest.xml:223:17
	android:name
		ADDED from AndroidManifest.xml:223:25
action#notif_times_up_stop
ADDED from AndroidManifest.xml:224:17
	android:name
		ADDED from AndroidManifest.xml:224:25
action#notif_times_up_plus_one
ADDED from AndroidManifest.xml:225:17
	android:name
		ADDED from AndroidManifest.xml:225:25
action#notif_times_up_show
ADDED from AndroidManifest.xml:226:17
	android:name
		ADDED from AndroidManifest.xml:226:25
action#notif_times_up_cancel
ADDED from AndroidManifest.xml:227:17
	android:name
		ADDED from AndroidManifest.xml:227:25
service#com.android.deskclock.stopwatch.StopwatchService
ADDED from AndroidManifest.xml:231:9
	android:exported
		ADDED from AndroidManifest.xml:232:17
	android:description
		ADDED from AndroidManifest.xml:233:17
	android:name
		ADDED from AndroidManifest.xml:231:18
intent-filter#lap_stopwatch+reset_stopwatch+share_stopwatch+start_stopwatch+stop_stopwatch
ADDED from AndroidManifest.xml:234:13
action#start_stopwatch
ADDED from AndroidManifest.xml:235:17
	android:name
		ADDED from AndroidManifest.xml:235:25
action#lap_stopwatch
ADDED from AndroidManifest.xml:236:17
	android:name
		ADDED from AndroidManifest.xml:236:25
action#stop_stopwatch
ADDED from AndroidManifest.xml:237:17
	android:name
		ADDED from AndroidManifest.xml:237:25
action#reset_stopwatch
ADDED from AndroidManifest.xml:238:17
	android:name
		ADDED from AndroidManifest.xml:238:25
action#share_stopwatch
ADDED from AndroidManifest.xml:239:17
	android:name
		ADDED from AndroidManifest.xml:239:25
uses-sdk
INJECTED from AndroidManifest.xml:0:0 reason: use-sdk injection requested
MERGED from com.android.support:support-v13:21.0.2:15:5
MERGED from com.android.support:support-v4:21.0.2:15:5
MERGED from com.google.android.gms:play-services:6.1.71:15:5
MERGED from com.android.support:support-v4:21.0.2:15:5
MERGED from com.android.support:palette-v7:21.0.2:15:5
MERGED from com.android.support:support-v4:21.0.2:15:5
MERGED from com.android.support:appcompat-v7:21.0.2:15:5
MERGED from com.android.support:support-v4:21.0.2:15:5
	android:targetSdkVersion
		INJECTED from AndroidManifest.xml:0:0
		INJECTED from AndroidManifest.xml:0:0
	android:minSdkVersion
		INJECTED from AndroidManifest.xml:0:0
		INJECTED from AndroidManifest.xml:0:0